<?xml version="1.0" encoding="UTF-8"?>
<!-- Generated by org.testng.reporters.JUnitXMLReporter -->
<testsuite hostname="BDC7-D-1NVP882" name="Firefox Test" tests="3" failures="2" timestamp="5 Jan 2017 10:19:40 GMT" time="74.572" errors="0">
  <testcase name="testLoginPage" time="49.812" classname="com.Automationstore.TestCases.VerifyASStatus"/>
  <testcase name="testHomePage" time="7.099" classname="com.Automationstore.TestCases.VerifyASStatus">
    <failure type="org.openqa.selenium.WebDriverException" message="unknown error: Element &amp;lt;a ng-click=&amp;quot;SetActiveTabOnClick(&amp;apos;MyWizard....&amp;apos;)&amp;quot; ui-sref=&amp;quot;MyWizard.Manage&amp;quot; href=&amp;quot;/MyWizard/Manage&amp;quot;&amp;gt;Manage&amp;lt;/a&amp;gt; is not clickable at point (253, 114). Other element would receive the click: &amp;lt;div class=&amp;quot;UserWait&amp;quot; style=&amp;quot;position: absolute; top: 0px; left: 0px; right: 0px; bottom: 0px;&amp;quot;&amp;gt;&amp;lt;/div&amp;gt;
  (Session info: chrome=55.0.2883.87)
  (Driver info: chromedriver=2.27.440174 (e97a722caafc2d3a8b807ee115bfb307f7d2cfd9),platform=Windows NT 10.0.10586 x86_64) (WARNING: The server did not provide any stacktrace information)
Command duration or timeout: 317 milliseconds
Build info: version: &amp;apos;2.53.0&amp;apos;, revision: &amp;apos;35ae25b&amp;apos;, time: &amp;apos;2016-03-15 16:57:40&amp;apos;
System info: host: &amp;apos;BDC7-D-1NVP882&amp;apos;, ip: &amp;apos;10.239.219.73&amp;apos;, os.name: &amp;apos;Windows 10&amp;apos;, os.arch: &amp;apos;amd64&amp;apos;, os.version: &amp;apos;10.0&amp;apos;, java.version: &amp;apos;1.8.0_111&amp;apos;
Driver info: org.openqa.selenium.chrome.ChromeDriver
Capabilities [{applicationCacheEnabled=false, rotatable=false, mobileEmulationEnabled=false, networkConnectionEnabled=false, chrome={chromedriverVersion=2.27.440174 (e97a722caafc2d3a8b807ee115bfb307f7d2cfd9), userDataDir=C:\Users\GAURAV~1.KAP\AppData\Local\Temp\scoped_dir87388_618}, takesHeapSnapshot=true, pageLoadStrategy=normal, databaseEnabled=false, handlesAlerts=true, hasTouchScreen=false, version=55.0.2883.87, platform=XP, browserConnectionEnabled=false, nativeEvents=true, acceptSslCerts=true, locationContextEnabled=true, webStorageEnabled=true, browserName=chrome, takesScreenshot=true, javascriptEnabled=true, cssSelectorsEnabled=true, unexpectedAlertBehaviour=}]
Session ID: 00c87442b7234cb8f73d8591e81eeb97">
      <![CDATA[org.openqa.selenium.WebDriverException: unknown error: Element <a ng-click="SetActiveTabOnClick('MyWizard....')" ui-sref="MyWizard.Manage" href="/MyWizard/Manage">Manage</a> is not clickable at point (253, 114). Other element would receive the click: <div class="UserWait" style="position: absolute; top: 0px; left: 0px; right: 0px; bottom: 0px;"></div>
  (Session info: chrome=55.0.2883.87)
  (Driver info: chromedriver=2.27.440174 (e97a722caafc2d3a8b807ee115bfb307f7d2cfd9),platform=Windows NT 10.0.10586 x86_64) (WARNING: The server did not provide any stacktrace information)
Command duration or timeout: 317 milliseconds
Build info: version: '2.53.0', revision: '35ae25b', time: '2016-03-15 16:57:40'
System info: host: 'BDC7-D-1NVP882', ip: '10.239.219.73', os.name: 'Windows 10', os.arch: 'amd64', os.version: '10.0', java.version: '1.8.0_111'
Driver info: org.openqa.selenium.chrome.ChromeDriver
Capabilities [{applicationCacheEnabled=false, rotatable=false, mobileEmulationEnabled=false, networkConnectionEnabled=false, chrome={chromedriverVersion=2.27.440174 (e97a722caafc2d3a8b807ee115bfb307f7d2cfd9), userDataDir=C:\Users\GAURAV~1.KAP\AppData\Local\Temp\scoped_dir87388_618}, takesHeapSnapshot=true, pageLoadStrategy=normal, databaseEnabled=false, handlesAlerts=true, hasTouchScreen=false, version=55.0.2883.87, platform=XP, browserConnectionEnabled=false, nativeEvents=true, acceptSslCerts=true, locationContextEnabled=true, webStorageEnabled=true, browserName=chrome, takesScreenshot=true, javascriptEnabled=true, cssSelectorsEnabled=true, unexpectedAlertBehaviour=}]
Session ID: 00c87442b7234cb8f73d8591e81eeb97
	at org.openqa.selenium.remote.ErrorHandler.createThrowable(ErrorHandler.java:206)
	at org.openqa.selenium.remote.ErrorHandler.throwIfResponseFailed(ErrorHandler.java:158)
	at org.openqa.selenium.remote.RemoteWebDriver.execute(RemoteWebDriver.java:678)
	at org.openqa.selenium.remote.RemoteWebElement.execute(RemoteWebElement.java:327)
	at org.openqa.selenium.remote.RemoteWebElement.click(RemoteWebElement.java:85)
	at org.openqa.selenium.support.pagefactory.internal.LocatingElementHandler.invoke(LocatingElementHandler.java:51)
	at com.sun.proxy.$Proxy8.click(Unknown Source)
	at com.mywizard.pages.homepage.endtour(homepage.java:119)
	at com.Automationstore.TestCases.VerifyASStatus.testHomePage(VerifyASStatus.java:103)
... Removed 32 stack frames]]>
    </failure>
  </testcase> <!-- testHomePage -->
  <testcase name="testmanagepage" time="6.044" classname="com.Automationstore.TestCases.VerifyASStatus">
    <failure type="java.lang.NullPointerException">
      <![CDATA[java.lang.NullPointerException
	at com.Automationstore.TestCases.VerifyASStatus.testmanagepage(VerifyASStatus.java:145)
... Removed 24 stack frames]]>
    </failure>
  </testcase> <!-- testmanagepage -->
</testsuite> <!-- Firefox Test -->
